<?xml version="1.0" encoding="UTF-8"?>
<!-- Generated by org.testng.reporters.JUnitReportReporter -->
<testsuite hostname="DESKTOP-NRPVL3J" failures="0" tests="12" name="testNG.TestNGAnnotations" time="0.016" errors="0" timestamp="26 Oct 2021 00:28:54 GMT" skipped="2">
  <testcase classname="testNG.TestNGAnnotations" name="testC" time="0.003"/>
  <testcase classname="testNG.TestNGAnnotations" name="testC" time="0.001"/>
  <testcase classname="testNG.TestNGAnnotations" name="testC" time="0.001"/>
  <testcase classname="testNG.TestNGAnnotations" name="testC" time="0.001"/>
  <testcase classname="testNG.TestNGAnnotations" name="testC" time="0.002"/>
  <testcase classname="testNG.TestNGAnnotations" name="testC" time="0.001"/>
  <testcase classname="testNG.TestNGAnnotations" name="testC" time="0.003"/>
  <testcase classname="testNG.TestNGAnnotations" name="testC" time="0.001"/>
  <testcase classname="testNG.TestNGAnnotations" name="testC" time="0.002"/>
  <testcase classname="testNG.TestNGAnnotations" name="testC" time="0.001"/>
  <testcase classname="testNG.TestNGAnnotations" name="testB">
    <skipped/>
  </testcase> <!-- testB -->
  <testcase classname="testNG.TestNGAnnotations" name="testA">
    <skipped/>
  </testcase> <!-- testA -->
</testsuite> <!-- testNG.TestNGAnnotations -->
